[2019-03-02 18:14:31,022428] front.INFO  [NULL] [c0092c9c] [NULL] [LogListener:onKernelRequestEarly:47] - INIT   [GET, /eccube2/html/, ::1, NULL, Mozilla/5.0 (Windows NT 10.0; Win64; x64) AppleWebKit/537.36 (KHTML, like Gecko) Chrome/72.0.3626.119 Safari/537.36]
[2019-03-02 18:14:31,203953] front.INFO  [NULL] [c0092c9c] [NULL] [LogListener:onKernelRequest:60] - PROCESS START ["homepage"]  [GET, /eccube2/html/, ::1, NULL, Mozilla/5.0 (Windows NT 10.0; Win64; x64) AppleWebKit/537.36 (KHTML, like Gecko) Chrome/72.0.3626.119 Safari/537.36]
[2019-03-02 18:14:32,802184] front.INFO  [b30ab39f] [c0092c9c] [NULL] [LogListener:onKernelController:73] - LOGIC START ["homepage"]  [GET, /eccube2/html/, ::1, NULL, Mozilla/5.0 (Windows NT 10.0; Win64; x64) AppleWebKit/537.36 (KHTML, like Gecko) Chrome/72.0.3626.119 Safari/537.36]
[2019-03-02 18:14:36,958163] front.INFO  [b30ab39f] [c0092c9c] [NULL] [LogListener:onKernelResponse:86] - LOGIC END ["homepage"]  [GET, /eccube2/html/, ::1, NULL, Mozilla/5.0 (Windows NT 10.0; Win64; x64) AppleWebKit/537.36 (KHTML, like Gecko) Chrome/72.0.3626.119 Safari/537.36]
[2019-03-02 18:14:36,980823] front.INFO  [b30ab39f] [c0092c9c] [NULL] [LogListener:onKernelTerminate:95] - PROCESS END ["homepage"]  [GET, /eccube2/html/, ::1, NULL, Mozilla/5.0 (Windows NT 10.0; Win64; x64) AppleWebKit/537.36 (KHTML, like Gecko) Chrome/72.0.3626.119 Safari/537.36]
[2019-03-02 18:14:52,380746] front.INFO  [NULL] [c63133bc] [NULL] [LogListener:onKernelRequestEarly:47] - INIT   [GET, /eccube2/html/admin, ::1, NULL, Mozilla/5.0 (Windows NT 10.0; Win64; x64) AppleWebKit/537.36 (KHTML, like Gecko) Chrome/72.0.3626.119 Safari/537.36]
[2019-03-02 18:14:52,630352] front.INFO  [NULL] [c63133bc] [NULL] [LogListener:onKernelException:105] - No route found for "GET /admin" [404]  [GET, /eccube2/html/admin, ::1, NULL, Mozilla/5.0 (Windows NT 10.0; Win64; x64) AppleWebKit/537.36 (KHTML, like Gecko) Chrome/72.0.3626.119 Safari/537.36]
[2019-03-02 18:14:54,889932] front.INFO  [b30ab39f] [c63133bc] [NULL] [LogListener:onKernelResponse:86] - LOGIC END [null]  [GET, /eccube2/html/admin, ::1, NULL, Mozilla/5.0 (Windows NT 10.0; Win64; x64) AppleWebKit/537.36 (KHTML, like Gecko) Chrome/72.0.3626.119 Safari/537.36]
[2019-03-02 18:14:54,893651] front.INFO  [b30ab39f] [c63133bc] [NULL] [LogListener:onKernelTerminate:95] - PROCESS END [null]  [GET, /eccube2/html/admin, ::1, NULL, Mozilla/5.0 (Windows NT 10.0; Win64; x64) AppleWebKit/537.36 (KHTML, like Gecko) Chrome/72.0.3626.119 Safari/537.36]
[2019-03-02 18:15:02,009808] front.INFO  [NULL] [a34a1662] [NULL] [LogListener:onKernelRequestEarly:47] - INIT   [GET, /eccube2/html/, ::1, http://localhost/eccube2/html/admin, Mozilla/5.0 (Windows NT 10.0; Win64; x64) AppleWebKit/537.36 (KHTML, like Gecko) Chrome/72.0.3626.119 Safari/537.36]
[2019-03-02 18:15:02,018732] front.INFO  [b30ab39f] [a34a1662] [NULL] [LogListener:onKernelRequest:60] - PROCESS START ["homepage"]  [GET, /eccube2/html/, ::1, http://localhost/eccube2/html/admin, Mozilla/5.0 (Windows NT 10.0; Win64; x64) AppleWebKit/537.36 (KHTML, like Gecko) Chrome/72.0.3626.119 Safari/537.36]
[2019-03-02 18:15:02,169479] front.INFO  [b30ab39f] [a34a1662] [NULL] [LogListener:onKernelController:73] - LOGIC START ["homepage"]  [GET, /eccube2/html/, ::1, http://localhost/eccube2/html/admin, Mozilla/5.0 (Windows NT 10.0; Win64; x64) AppleWebKit/537.36 (KHTML, like Gecko) Chrome/72.0.3626.119 Safari/537.36]
[2019-03-02 18:15:02,433680] front.INFO  [b30ab39f] [a34a1662] [NULL] [LogListener:onKernelResponse:86] - LOGIC END ["homepage"]  [GET, /eccube2/html/, ::1, http://localhost/eccube2/html/admin, Mozilla/5.0 (Windows NT 10.0; Win64; x64) AppleWebKit/537.36 (KHTML, like Gecko) Chrome/72.0.3626.119 Safari/537.36]
[2019-03-02 18:15:02,436574] front.INFO  [b30ab39f] [a34a1662] [NULL] [LogListener:onKernelTerminate:95] - PROCESS END ["homepage"]  [GET, /eccube2/html/, ::1, http://localhost/eccube2/html/admin, Mozilla/5.0 (Windows NT 10.0; Win64; x64) AppleWebKit/537.36 (KHTML, like Gecko) Chrome/72.0.3626.119 Safari/537.36]
[2019-03-02 18:16:23,357355] front.INFO  [NULL] [92412267] [NULL] [LogListener:onKernelRequestEarly:47] - INIT   [GET, /eccube2/html/, ::1, NULL, Mozilla/5.0 (Windows NT 10.0; Win64; x64) AppleWebKit/537.36 (KHTML, like Gecko) Chrome/72.0.3626.119 Safari/537.36]
[2019-03-02 18:16:23,366389] front.INFO  [b30ab39f] [92412267] [NULL] [LogListener:onKernelRequest:60] - PROCESS START ["homepage"]  [GET, /eccube2/html/, ::1, NULL, Mozilla/5.0 (Windows NT 10.0; Win64; x64) AppleWebKit/537.36 (KHTML, like Gecko) Chrome/72.0.3626.119 Safari/537.36]
[2019-03-02 18:16:23,517214] front.INFO  [b30ab39f] [92412267] [NULL] [LogListener:onKernelController:73] - LOGIC START ["homepage"]  [GET, /eccube2/html/, ::1, NULL, Mozilla/5.0 (Windows NT 10.0; Win64; x64) AppleWebKit/537.36 (KHTML, like Gecko) Chrome/72.0.3626.119 Safari/537.36]
[2019-03-02 18:16:23,774592] front.INFO  [b30ab39f] [92412267] [NULL] [LogListener:onKernelResponse:86] - LOGIC END ["homepage"]  [GET, /eccube2/html/, ::1, NULL, Mozilla/5.0 (Windows NT 10.0; Win64; x64) AppleWebKit/537.36 (KHTML, like Gecko) Chrome/72.0.3626.119 Safari/537.36]
[2019-03-02 18:16:23,777597] front.INFO  [b30ab39f] [92412267] [NULL] [LogListener:onKernelTerminate:95] - PROCESS END ["homepage"]  [GET, /eccube2/html/, ::1, NULL, Mozilla/5.0 (Windows NT 10.0; Win64; x64) AppleWebKit/537.36 (KHTML, like Gecko) Chrome/72.0.3626.119 Safari/537.36]
[2019-03-02 18:16:31,961435] front.INFO  [NULL] [8a5a51ea] [NULL] [LogListener:onKernelRequestEarly:47] - INIT   [GET, /eccube2/html/admin, ::1, NULL, Mozilla/5.0 (Windows NT 10.0; Win64; x64) AppleWebKit/537.36 (KHTML, like Gecko) Chrome/72.0.3626.119 Safari/537.36]
[2019-03-02 18:16:31,979876] front.INFO  [NULL] [8a5a51ea] [NULL] [LogListener:onKernelException:105] - No route found for "GET /admin" [404]  [GET, /eccube2/html/admin, ::1, NULL, Mozilla/5.0 (Windows NT 10.0; Win64; x64) AppleWebKit/537.36 (KHTML, like Gecko) Chrome/72.0.3626.119 Safari/537.36]
[2019-03-02 18:16:32,023122] front.INFO  [b30ab39f] [8a5a51ea] [NULL] [LogListener:onKernelResponse:86] - LOGIC END [null]  [GET, /eccube2/html/admin, ::1, NULL, Mozilla/5.0 (Windows NT 10.0; Win64; x64) AppleWebKit/537.36 (KHTML, like Gecko) Chrome/72.0.3626.119 Safari/537.36]
[2019-03-02 18:16:32,024810] front.INFO  [b30ab39f] [8a5a51ea] [NULL] [LogListener:onKernelTerminate:95] - PROCESS END [null]  [GET, /eccube2/html/admin, ::1, NULL, Mozilla/5.0 (Windows NT 10.0; Win64; x64) AppleWebKit/537.36 (KHTML, like Gecko) Chrome/72.0.3626.119 Safari/537.36]
